<?xml version="1.0" encoding="UTF-8"?>
<!-- Generated by org.testng.reporters.JUnitReportReporter -->
<testsuite hostname="DESKTOP-5IM8F8D" failures="0" tests="2" name="ParallelAndCrossBrowser.Google" time="27.259" errors="0" timestamp="2021-07-26T16:35:19 IST" skipped="0">
  <testcase classname="ParallelAndCrossBrowser.Google" name="tc" time="15.131"/>
  <system-out/>
  <testcase classname="ParallelAndCrossBrowser.Google" name="tc" time="12.128"/>
  <system-out/>
</testsuite> <!-- ParallelAndCrossBrowser.Google -->
