<?xml version="1.0" encoding="UTF-8"?>
<!-- Generated by org.testng.reporters.JUnitReportReporter -->
<testsuite hostname="DESKTOP-5IM8F8D" failures="0" tests="1" name="TestNG.Demo0" time="0.006" errors="0" timestamp="2021-08-02T17:36:50 IST" skipped="0">
  <testcase classname="TestNG.Demo0" name="tc" time="0.006"/>
  <system-out/>
</testsuite> <!-- TestNG.Demo0 -->
