<?xml version="1.0" encoding="UTF-8"?>
<!-- Generated by org.testng.reporters.JUnitReportReporter -->
<testsuite hostname="DESKTOP-5IM8F8D" failures="0" tests="2" name="TestNG.BeforeAfterMethods" time="0.011" errors="0" timestamp="2021-07-24T19:51:57 IST" skipped="0">
  <testcase classname="TestNG.BeforeAfterMethods" name="tc1" time="0.009"/>
  <system-out/>
  <testcase classname="TestNG.BeforeAfterMethods" name="tc2" time="0.002"/>
  <system-out/>
</testsuite> <!-- TestNG.BeforeAfterMethods -->
