<?xml version="1.0" encoding="UTF-8"?>
<!-- Generated by org.testng.reporters.JUnitReportReporter -->
<testsuite hostname="DESKTOP-5IM8F8D" failures="0" tests="1" name="ParallelAndCrossBrowser.AssertDemo" time="0.005" errors="0" timestamp="2021-07-26T16:57:48 IST" skipped="0">
  <testcase classname="ParallelAndCrossBrowser.AssertDemo" name="tc" time="0.005"/>
  <system-out/>
</testsuite> <!-- ParallelAndCrossBrowser.AssertDemo -->
