<?xml version="1.0" encoding="UTF-8"?>
<!-- Generated by org.testng.reporters.JUnitReportReporter -->
<testsuite hostname="DESKTOP-5IM8F8D" failures="0" tests="4" name="TestNG.Demo1" time="55.608" errors="0" timestamp="2021-07-21T17:21:18 IST" skipped="0">
  <testcase classname="TestNG.Demo1" name="tc_01" time="14.400"/>
  <system-out/>
  <testcase classname="TestNG.Demo1" name="tc_01" time="13.751"/>
  <system-out/>
  <testcase classname="TestNG.Demo1" name="tc_01" time="13.929"/>
  <system-out/>
  <testcase classname="TestNG.Demo1" name="tc_01" time="13.528"/>
  <system-out/>
</testsuite> <!-- TestNG.Demo1 -->
