<?xml version="1.0" encoding="UTF-8"?>
<!-- Generated by org.testng.reporters.JUnitReportReporter -->
<testsuite hostname="DESKTOP-5IM8F8D" failures="0" tests="1" name="DemoTestNG.Demo1" time="12.492" errors="0" timestamp="2021-07-21T17:04:44 IST" skipped="0">
  <testcase classname="DemoTestNG.Demo1" name="tc_01" time="12.492"/>
  <system-out/>
</testsuite> <!-- DemoTestNG.Demo1 -->
