<?xml version="1.0" encoding="UTF-8"?>
<!-- Generated by org.testng.reporters.JUnitReportReporter -->
<testsuite hostname="DESKTOP-5IM8F8D" failures="0" tests="2" name="TestNG.Demo2" time="22.862" errors="0" timestamp="2021-07-21T17:43:20 IST" skipped="0">
  <testcase classname="TestNG.Demo2" name="tc_01" time="12.460"/>
  <system-out/>
  <testcase classname="TestNG.Demo2" name="tc_02" time="10.402"/>
  <system-out/>
</testsuite> <!-- TestNG.Demo2 -->
