<?xml version="1.0" encoding="UTF-8"?>
<!-- Generated by org.testng.reporters.JUnitReportReporter -->
<testsuite hostname="DESKTOP-5IM8F8D" failures="0" tests="3" name="TestNG.Priority" time="0.006" errors="0" timestamp="2021-07-24T19:54:52 IST" skipped="0">
  <testcase classname="TestNG.Priority" name="tc3" time="0.005"/>
  <system-out/>
  <testcase classname="TestNG.Priority" name="tc2" time="0.001"/>
  <system-out/>
  <testcase classname="TestNG.Priority" name="tc1" time="0.000"/>
  <system-out/>
</testsuite> <!-- TestNG.Priority -->
