<?xml version="1.0" encoding="UTF-8"?>
<!-- Generated by org.testng.reporters.JUnitReportReporter -->
<testsuite hostname="DESKTOP-5IM8F8D" failures="0" tests="3" name="TestNG.DataProviderDemo" time="0.005" errors="0" timestamp="2021-07-24T20:19:30 IST" skipped="0">
  <testcase classname="TestNG.DataProviderDemo" name="tc" time="0.001"/>
  <system-out/>
  <testcase classname="TestNG.DataProviderDemo" name="tc" time="0.004"/>
  <system-out/>
  <testcase classname="TestNG.DataProviderDemo" name="tc" time="0.000"/>
  <system-out/>
</testsuite> <!-- TestNG.DataProviderDemo -->
