<?xml version="1.0" encoding="UTF-8"?>
<!-- Generated by org.testng.reporters.JUnitReportReporter -->
<testsuite hostname="DESKTOP-5IM8F8D" failures="0" tests="3" name="TestNG.DependsOnMethods" time="0.006" errors="0" timestamp="2021-07-24T20:11:21 IST" skipped="0">
  <testcase classname="TestNG.DependsOnMethods" name="tc3" time="0.005"/>
  <system-out/>
  <testcase classname="TestNG.DependsOnMethods" name="tc2" time="0.000"/>
  <system-out/>
  <testcase classname="TestNG.DependsOnMethods" name="tc1" time="0.001"/>
  <system-out/>
</testsuite> <!-- TestNG.DependsOnMethods -->
